<?xml version="1.0" encoding="UTF-8"?>
<testsuite name="tasks.Request2BackgroundKtTest" tests="1" skipped="0" failures="0" errors="0" timestamp="2024-05-16T15:18:05" hostname="Abanoubs-MacBook-Air.local" time="1.023">
  <properties/>
  <testcase name="testAggregation" classname="tasks.Request2BackgroundKtTest" time="1.023"/>
  <system-out><![CDATA[86 [Thread-3] INFO  Contributors - org: loaded 3 repos
86 [Thread-3] INFO  Contributors - repo-1: loaded 2 contributors
86 [Thread-3] INFO  Contributors - repo-2: loaded 2 contributors
86 [Thread-3] INFO  Contributors - repo-3: loaded 2 contributors
]]></system-out>
  <system-err><![CDATA[]]></system-err>
</testsuite>
